<?xml version="1.0" encoding="UTF-8"?>
<robot generator="Robot 5.0.1 (Python 3.10.4 on win32)" generated="20220711 22:28:35.753" rpa="false" schemaversion="3">
<suite id="s1" name="LogIn" source="D:\Automation\Latihan 2 Instagram\Steps\LogIn.robot">
<kw name="Open browser using Firefox" library="LogIn_keyword" type="SETUP">
<kw name="Open Browser" library="SeleniumLibrary">
<arg>browser=Firefox</arg>
<doc>Opens a new browser instance to the optional ``url``.</doc>
<msg timestamp="20220711 22:28:35.968" level="INFO">Opening browser 'Firefox' to base url 'None'.</msg>
<msg timestamp="20220711 22:28:35.976" level="INFO">Firefox driver log is always forced to to: D:\Automation\Latihan 2 Instagram\Steps\geckodriver-6.log</msg>
<status status="PASS" starttime="20220711 22:28:35.968" endtime="20220711 22:28:41.432"/>
</kw>
<kw name="Maximize Browser Window" library="SeleniumLibrary">
<doc>Maximizes current browser window.</doc>
<status status="PASS" starttime="20220711 22:28:41.432" endtime="20220711 22:28:41.432"/>
</kw>
<status status="PASS" starttime="20220711 22:28:35.956" endtime="20220711 22:28:41.432"/>
</kw>
<test id="s1-t1" name="I verify homepage of Instagram" line="7">
<kw name="Open Homepage Instagram" library="LogIn_keyword">
<kw name="Go To" library="SeleniumLibrary">
<arg>https://www.instagram.com/</arg>
<doc>Navigates the current browser window to the provided ``url``.</doc>
<msg timestamp="20220711 22:28:41.448" level="INFO">Opening url 'https://www.instagram.com/'</msg>
<status status="PASS" starttime="20220711 22:28:41.448" endtime="20220711 22:28:47.260"/>
</kw>
<status status="PASS" starttime="20220711 22:28:41.447" endtime="20220711 22:28:47.260"/>
</kw>
<kw name="I validate logo" library="LogIn_keyword">
<kw name="Element Should Be Visible" library="SeleniumLibrary">
<arg>${Logo}</arg>
<doc>Verifies that the element identified by ``locator`` is visible.</doc>
<msg timestamp="20220711 22:28:47.292" level="INFO">Element '//*[@alt="Instagram"]' is displayed.</msg>
<status status="PASS" starttime="20220711 22:28:47.260" endtime="20220711 22:28:47.292"/>
</kw>
<status status="PASS" starttime="20220711 22:28:47.260" endtime="20220711 22:28:47.292"/>
</kw>
<kw name="I validate sign in page" library="LogIn_keyword">
<kw name="Element Should Be Visible" library="SeleniumLibrary">
<arg>${Validate_LoginForm}</arg>
<doc>Verifies that the element identified by ``locator`` is visible.</doc>
<msg timestamp="20220711 22:28:47.304" level="INFO">Element '//*[@class="rgFsT   "]' is displayed.</msg>
<status status="PASS" starttime="20220711 22:28:47.292" endtime="20220711 22:28:47.304"/>
</kw>
<status status="PASS" starttime="20220711 22:28:47.292" endtime="20220711 22:28:47.308"/>
</kw>
<status status="PASS" starttime="20220711 22:28:41.432" endtime="20220711 22:28:47.308"/>
</test>
<test id="s1-t2" name="I Input valid username and password in page" line="13">
<kw name="I type username registred" library="LogIn_keyword">
<kw name="Input Text" library="SeleniumLibrary">
<arg>${Username_registered}</arg>
<arg>depidee_</arg>
<doc>Types the given ``text`` into the text field identified by ``locator``.</doc>
<msg timestamp="20220711 22:28:47.309" level="INFO">Typing text 'depidee_' into text field '(//*[@class="_2hvTZ pexuQ zyHYP"])[1]'.</msg>
<status status="PASS" starttime="20220711 22:28:47.309" endtime="20220711 22:28:47.369"/>
</kw>
<status status="PASS" starttime="20220711 22:28:47.309" endtime="20220711 22:28:47.369"/>
</kw>
<kw name="I type password registred in page" library="LogIn_keyword">
<kw name="Input Text" library="SeleniumLibrary">
<arg>${Password}</arg>
<arg>devy081297</arg>
<doc>Types the given ``text`` into the text field identified by ``locator``.</doc>
<msg timestamp="20220711 22:28:47.369" level="INFO">Typing text 'devy081297' into text field '//*[@name="password"]'.</msg>
<status status="PASS" starttime="20220711 22:28:47.369" endtime="20220711 22:28:47.405"/>
</kw>
<status status="PASS" starttime="20220711 22:28:47.369" endtime="20220711 22:28:47.405"/>
</kw>
<kw name="I click Log In Button" library="LogIn_keyword">
<kw name="Click Element" library="SeleniumLibrary">
<arg>${Button_Login}</arg>
<doc>Click the element identified by ``locator``.</doc>
<msg timestamp="20220711 22:28:47.405" level="INFO">Clicking element '//*[@class="sqdOP  L3NKy   y3zKF     "]'.</msg>
<status status="PASS" starttime="20220711 22:28:47.405" endtime="20220711 22:28:47.633"/>
</kw>
<status status="PASS" starttime="20220711 22:28:47.405" endtime="20220711 22:28:47.633"/>
</kw>
<kw name="I validate login" library="LogIn_keyword">
<kw name="Element Should Be Visible" library="SeleniumLibrary">
<arg>${Validate_Login1}</arg>
<doc>Verifies that the element identified by ``locator`` is visible.</doc>
<msg timestamp="20220711 22:28:47.649" level="INFO">Element '//*[@class="s4Iyt"]' is displayed.</msg>
<status status="PASS" starttime="20220711 22:28:47.633" endtime="20220711 22:28:47.649"/>
</kw>
<status status="PASS" starttime="20220711 22:28:47.633" endtime="20220711 22:28:47.649"/>
</kw>
<status status="PASS" starttime="20220711 22:28:47.309" endtime="20220711 22:28:47.649"/>
</test>
<status status="PASS" starttime="20220711 22:28:35.753" endtime="20220711 22:28:47.649"/>
</suite>
<statistics>
<total>
<stat pass="2" fail="0" skip="0">All Tests</stat>
</total>
<tag>
</tag>
<suite>
<stat pass="2" fail="0" skip="0" id="s1" name="LogIn">LogIn</stat>
</suite>
</statistics>
<errors>
</errors>
</robot>
